2021-09-11 01:47:37, INFO: Current git head hash code: 0c0a09065025679c77ccd9c0ac86f8de6d820bee
2021-09-11 01:47:37, INFO: Using device: cpu
2021-09-11 01:47:37, INFO: Policy: SARL w/ global state
2021-09-11 01:47:37, INFO: human number: 5
2021-09-11 01:47:37, INFO: Not randomize human's radius and preferred speed
2021-09-11 01:47:37, INFO: Training simulation: circle_crossing, test simulation: circle_crossing
2021-09-11 01:47:37, INFO: Square width: 10.0, circle width: 4.0
2021-09-11 01:47:37, INFO: Current learning rate: 0.010000
2021-09-11 01:48:53, INFO: TRAIN has success rate: 0.89, collision rate: 0.09, nav time: 12.18, total reward: 0.2416
2021-09-11 01:52:39, INFO: Finish imitation learning. Weights saved.
2021-09-11 01:52:39, INFO: Experience set size: 100000/100000
2021-09-11 01:52:39, INFO: Agent is invisible and has holonomic kinematic constraint
2021-09-11 01:52:39, INFO: Current learning rate: 0.001000
2021-09-11 01:58:00, INFO: VAL   in episode 0 has success rate: 0.94, collision rate: 0.06, nav time: 10.84, total reward: 0.2598
2021-09-11 01:58:00, INFO: Frequency of being in danger: 0.12 and average min separate distance in danger: 0.09
2021-09-11 01:58:03, INFO: TRAIN in episode 0 has success rate: 1.00, collision rate: 0.00, nav time: 19.00, total reward: 0.1387
2021-09-11 01:58:08, INFO: TRAIN in episode 1 has success rate: 1.00, collision rate: 0.00, nav time: 20.75, total reward: 0.1153
2021-09-11 01:58:12, INFO: TRAIN in episode 2 has success rate: 1.00, collision rate: 0.00, nav time: 21.75, total reward: 0.1038
2021-09-11 01:58:16, INFO: TRAIN in episode 3 has success rate: 1.00, collision rate: 0.00, nav time: 21.00, total reward: 0.1123
2021-09-11 01:58:20, INFO: TRAIN in episode 4 has success rate: 1.00, collision rate: 0.00, nav time: 19.25, total reward: 0.1351
2021-09-11 01:58:22, INFO: TRAIN in episode 5 has success rate: 0.00, collision rate: 1.00, nav time: 25.00, total reward: -0.1120
2021-09-11 01:58:27, INFO: TRAIN in episode 6 has success rate: 1.00, collision rate: 0.00, nav time: 19.00, total reward: 0.1387
2021-09-11 01:58:31, INFO: TRAIN in episode 7 has success rate: 1.00, collision rate: 0.00, nav time: 24.00, total reward: 0.0819
2021-09-11 01:58:32, INFO: TRAIN in episode 8 has success rate: 0.00, collision rate: 1.00, nav time: 25.00, total reward: -0.2830
2021-09-11 01:58:37, INFO: TRAIN in episode 9 has success rate: 0.00, collision rate: 0.00, nav time: 25.00, total reward: 0.0000
2021-09-11 01:58:39, INFO: TRAIN in episode 10 has success rate: 0.00, collision rate: 1.00, nav time: 25.00, total reward: -0.1566
2021-09-11 01:58:41, INFO: TRAIN in episode 11 has success rate: 0.00, collision rate: 1.00, nav time: 25.00, total reward: -0.1232
2021-09-11 01:58:46, INFO: TRAIN in episode 12 has success rate: 1.00, collision rate: 0.00, nav time: 21.50, total reward: 0.1066
2021-09-11 01:58:50, INFO: TRAIN in episode 13 has success rate: 1.00, collision rate: 0.00, nav time: 18.25, total reward: 0.1501
2021-09-11 01:58:52, INFO: TRAIN in episode 14 has success rate: 0.00, collision rate: 1.00, nav time: 25.00, total reward: -0.1842
2021-09-11 01:58:54, INFO: TRAIN in episode 15 has success rate: 0.00, collision rate: 1.00, nav time: 25.00, total reward: -0.1526
2021-09-11 01:58:58, INFO: TRAIN in episode 16 has success rate: 1.00, collision rate: 0.00, nav time: 15.75, total reward: 0.1533
2021-09-11 01:59:03, INFO: TRAIN in episode 17 has success rate: 1.00, collision rate: 0.00, nav time: 17.75, total reward: 0.1582
2021-09-11 01:59:07, INFO: TRAIN in episode 18 has success rate: 1.00, collision rate: 0.00, nav time: 19.75, total reward: 0.1282
2021-09-11 01:59:09, INFO: TRAIN in episode 19 has success rate: 0.00, collision rate: 1.00, nav time: 25.00, total reward: -0.1364
2021-09-11 01:59:13, INFO: TRAIN in episode 20 has success rate: 1.00, collision rate: 0.00, nav time: 18.50, total reward: 0.1017
2021-09-11 01:59:17, INFO: TRAIN in episode 21 has success rate: 1.00, collision rate: 0.00, nav time: 20.50, total reward: 0.1184
2021-09-11 01:59:22, INFO: TRAIN in episode 22 has success rate: 0.00, collision rate: 0.00, nav time: 25.00, total reward: 0.0000
2021-09-11 01:59:26, INFO: TRAIN in episode 23 has success rate: 1.00, collision rate: 0.00, nav time: 20.25, total reward: 0.1216
2021-09-11 01:59:30, INFO: TRAIN in episode 24 has success rate: 1.00, collision rate: 0.00, nav time: 20.25, total reward: 0.0843
2021-09-11 01:59:34, INFO: TRAIN in episode 25 has success rate: 1.00, collision rate: 0.00, nav time: 16.00, total reward: 0.1902
2021-09-11 01:59:39, INFO: TRAIN in episode 26 has success rate: 1.00, collision rate: 0.00, nav time: 18.75, total reward: 0.1424
2021-09-11 01:59:44, INFO: TRAIN in episode 27 has success rate: 1.00, collision rate: 0.00, nav time: 22.75, total reward: 0.0896
2021-09-11 01:59:48, INFO: TRAIN in episode 28 has success rate: 1.00, collision rate: 0.00, nav time: 18.50, total reward: 0.1462
2021-09-11 01:59:52, INFO: TRAIN in episode 29 has success rate: 0.00, collision rate: 0.00, nav time: 25.00, total reward: 0.0000
2021-09-11 01:59:54, INFO: TRAIN in episode 30 has success rate: 0.00, collision rate: 1.00, nav time: 25.00, total reward: -0.1439
2021-09-11 01:59:56, INFO: TRAIN in episode 31 has success rate: 0.00, collision rate: 1.00, nav time: 25.00, total reward: -0.1134
2021-09-11 02:00:01, INFO: TRAIN in episode 32 has success rate: 1.00, collision rate: 0.00, nav time: 20.25, total reward: 0.1216
2021-09-11 02:00:06, INFO: TRAIN in episode 33 has success rate: 1.00, collision rate: 0.00, nav time: 19.50, total reward: 0.1316
2021-09-11 02:00:10, INFO: TRAIN in episode 34 has success rate: 0.00, collision rate: 0.00, nav time: 25.00, total reward: 0.0000
2021-09-11 02:00:14, INFO: TRAIN in episode 35 has success rate: 1.00, collision rate: 0.00, nav time: 19.25, total reward: 0.1351
2021-09-11 02:00:18, INFO: TRAIN in episode 36 has success rate: 1.00, collision rate: 0.00, nav time: 16.00, total reward: 0.1902
2021-09-11 02:00:22, INFO: TRAIN in episode 37 has success rate: 1.00, collision rate: 0.00, nav time: 18.50, total reward: 0.0771
2021-09-11 02:00:27, INFO: TRAIN in episode 38 has success rate: 1.00, collision rate: 0.00, nav time: 23.00, total reward: 0.0910
2021-09-11 02:00:30, INFO: TRAIN in episode 39 has success rate: 0.00, collision rate: 1.00, nav time: 25.00, total reward: -0.1519
2021-09-11 02:00:35, INFO: TRAIN in episode 40 has success rate: 0.00, collision rate: 0.00, nav time: 25.00, total reward: -0.0272
2021-09-11 02:00:40, INFO: TRAIN in episode 41 has success rate: 0.00, collision rate: 0.00, nav time: 25.00, total reward: -0.0108
2021-09-11 02:00:42, INFO: TRAIN in episode 42 has success rate: 0.00, collision rate: 1.00, nav time: 25.00, total reward: -0.1456
2021-09-11 02:00:46, INFO: TRAIN in episode 43 has success rate: 1.00, collision rate: 0.00, nav time: 20.75, total reward: 0.1153
2021-09-11 02:00:51, INFO: TRAIN in episode 44 has success rate: 0.00, collision rate: 0.00, nav time: 25.00, total reward: 0.0000
2021-09-11 02:00:55, INFO: TRAIN in episode 45 has success rate: 1.00, collision rate: 0.00, nav time: 18.75, total reward: 0.1424
2021-09-11 02:00:58, INFO: TRAIN in episode 46 has success rate: 0.00, collision rate: 1.00, nav time: 25.00, total reward: -0.1445
2021-09-11 02:01:00, INFO: TRAIN in episode 47 has success rate: 0.00, collision rate: 1.00, nav time: 25.00, total reward: -0.1105
2021-09-11 02:01:05, INFO: TRAIN in episode 48 has success rate: 1.00, collision rate: 0.00, nav time: 21.25, total reward: 0.1094
2021-09-11 02:01:10, INFO: TRAIN in episode 49 has success rate: 1.00, collision rate: 0.00, nav time: 22.75, total reward: 0.0934
2021-09-11 02:01:15, INFO: TRAIN in episode 50 has success rate: 0.00, collision rate: 0.00, nav time: 25.00, total reward: 0.0000
2021-09-11 02:01:17, INFO: TRAIN in episode 51 has success rate: 0.00, collision rate: 1.00, nav time: 25.00, total reward: -0.1501
2021-09-11 02:01:22, INFO: TRAIN in episode 52 has success rate: 1.00, collision rate: 0.00, nav time: 20.25, total reward: 0.1216
2021-09-11 02:01:26, INFO: TRAIN in episode 53 has success rate: 0.00, collision rate: 0.00, nav time: 25.00, total reward: 0.0000
2021-09-11 02:01:30, INFO: TRAIN in episode 54 has success rate: 1.00, collision rate: 0.00, nav time: 19.50, total reward: 0.1316
2021-09-11 02:01:35, INFO: TRAIN in episode 55 has success rate: 1.00, collision rate: 0.00, nav time: 18.50, total reward: 0.1370
2021-09-11 02:01:39, INFO: TRAIN in episode 56 has success rate: 0.00, collision rate: 0.00, nav time: 25.00, total reward: 0.0000
2021-09-11 02:01:44, INFO: TRAIN in episode 57 has success rate: 1.00, collision rate: 0.00, nav time: 23.75, total reward: 0.0841
2021-09-11 02:01:48, INFO: TRAIN in episode 58 has success rate: 1.00, collision rate: 0.00, nav time: 22.50, total reward: 0.0959
2021-09-11 02:01:53, INFO: TRAIN in episode 59 has success rate: 1.00, collision rate: 0.00, nav time: 22.75, total reward: 0.0934
2021-09-11 02:01:57, INFO: TRAIN in episode 60 has success rate: 1.00, collision rate: 0.00, nav time: 16.50, total reward: 0.1805
2021-09-11 02:02:01, INFO: TRAIN in episode 61 has success rate: 0.00, collision rate: 0.00, nav time: 25.00, total reward: -0.0372
2021-09-11 02:02:05, INFO: TRAIN in episode 62 has success rate: 1.00, collision rate: 0.00, nav time: 18.25, total reward: 0.1039
2021-09-11 02:02:09, INFO: TRAIN in episode 63 has success rate: 0.00, collision rate: 0.00, nav time: 25.00, total reward: 0.0000
2021-09-11 02:02:11, INFO: TRAIN in episode 64 has success rate: 0.00, collision rate: 1.00, nav time: 25.00, total reward: -0.1287
2021-09-11 02:02:15, INFO: TRAIN in episode 65 has success rate: 1.00, collision rate: 0.00, nav time: 19.00, total reward: 0.1387
2021-09-11 02:02:20, INFO: TRAIN in episode 66 has success rate: 1.00, collision rate: 0.00, nav time: 24.00, total reward: 0.0535
2021-09-11 02:02:24, INFO: TRAIN in episode 67 has success rate: 0.00, collision rate: 0.00, nav time: 25.00, total reward: 0.0000
2021-09-11 02:02:29, INFO: TRAIN in episode 68 has success rate: 1.00, collision rate: 0.00, nav time: 21.25, total reward: 0.1001
2021-09-11 02:02:33, INFO: TRAIN in episode 69 has success rate: 0.00, collision rate: 0.00, nav time: 25.00, total reward: -0.0055
2021-09-11 02:02:37, INFO: TRAIN in episode 70 has success rate: 1.00, collision rate: 0.00, nav time: 18.25, total reward: 0.1501
2021-09-11 02:02:42, INFO: TRAIN in episode 71 has success rate: 1.00, collision rate: 0.00, nav time: 18.00, total reward: 0.1541
2021-09-11 02:02:47, INFO: TRAIN in episode 72 has success rate: 1.00, collision rate: 0.00, nav time: 21.75, total reward: 0.0738
2021-09-11 02:02:52, INFO: TRAIN in episode 73 has success rate: 0.00, collision rate: 0.00, nav time: 25.00, total reward: 0.0000
2021-09-11 02:02:56, INFO: TRAIN in episode 74 has success rate: 1.00, collision rate: 0.00, nav time: 22.00, total reward: 0.1011
2021-09-11 02:03:01, INFO: TRAIN in episode 75 has success rate: 0.00, collision rate: 0.00, nav time: 25.00, total reward: -0.0208
2021-09-11 02:03:05, INFO: TRAIN in episode 76 has success rate: 0.00, collision rate: 0.00, nav time: 25.00, total reward: 0.0000
2021-09-11 02:03:10, INFO: TRAIN in episode 77 has success rate: 1.00, collision rate: 0.00, nav time: 21.00, total reward: 0.1111
2021-09-11 02:03:15, INFO: TRAIN in episode 78 has success rate: 0.00, collision rate: 0.00, nav time: 25.00, total reward: -0.0239
2021-09-11 02:03:20, INFO: TRAIN in episode 79 has success rate: 0.00, collision rate: 0.00, nav time: 25.00, total reward: 0.0000
2021-09-11 02:03:24, INFO: TRAIN in episode 80 has success rate: 0.00, collision rate: 0.00, nav time: 25.00, total reward: -0.0581
2021-09-11 02:03:26, INFO: TRAIN in episode 81 has success rate: 0.00, collision rate: 1.00, nav time: 25.00, total reward: -0.1332
2021-09-11 02:03:29, INFO: TRAIN in episode 82 has success rate: 0.00, collision rate: 1.00, nav time: 25.00, total reward: -0.1310
2021-09-11 02:03:33, INFO: TRAIN in episode 83 has success rate: 1.00, collision rate: 0.00, nav time: 20.75, total reward: 0.1153
2021-09-11 02:03:37, INFO: TRAIN in episode 84 has success rate: 1.00, collision rate: 0.00, nav time: 22.00, total reward: 0.1011
2021-09-11 02:03:41, INFO: TRAIN in episode 85 has success rate: 1.00, collision rate: 0.00, nav time: 22.75, total reward: 0.0552
2021-09-11 02:03:46, INFO: TRAIN in episode 86 has success rate: 0.00, collision rate: 0.00, nav time: 25.00, total reward: 0.0000
2021-09-11 02:03:48, INFO: TRAIN in episode 87 has success rate: 0.00, collision rate: 1.00, nav time: 25.00, total reward: -0.1472
2021-09-11 02:03:52, INFO: TRAIN in episode 88 has success rate: 1.00, collision rate: 0.00, nav time: 23.25, total reward: -0.0075
2021-09-11 02:03:58, INFO: TRAIN in episode 89 has success rate: 0.00, collision rate: 0.00, nav time: 25.00, total reward: -0.0066
2021-09-11 02:04:03, INFO: TRAIN in episode 90 has success rate: 1.00, collision rate: 0.00, nav time: 23.25, total reward: 0.0886
2021-09-11 02:04:08, INFO: TRAIN in episode 91 has success rate: 1.00, collision rate: 0.00, nav time: 21.00, total reward: 0.1123
2021-09-11 02:04:12, INFO: TRAIN in episode 92 has success rate: 1.00, collision rate: 0.00, nav time: 20.50, total reward: 0.1184
2021-09-11 02:04:16, INFO: TRAIN in episode 93 has success rate: 1.00, collision rate: 0.00, nav time: 19.50, total reward: 0.0894
2021-09-11 02:04:21, INFO: TRAIN in episode 94 has success rate: 0.00, collision rate: 0.00, nav time: 25.00, total reward: -0.0491
2021-09-11 02:04:26, INFO: TRAIN in episode 95 has success rate: 0.00, collision rate: 0.00, nav time: 25.00, total reward: 0.0000
2021-09-11 02:04:31, INFO: TRAIN in episode 96 has success rate: 0.00, collision rate: 0.00, nav time: 25.00, total reward: -0.0006
2021-09-11 02:04:32, INFO: TRAIN in episode 97 has success rate: 0.00, collision rate: 1.00, nav time: 25.00, total reward: -0.2786
2021-09-11 02:04:37, INFO: TRAIN in episode 98 has success rate: 0.00, collision rate: 0.00, nav time: 25.00, total reward: -0.0027
2021-09-11 02:04:42, INFO: TRAIN in episode 99 has success rate: 1.00, collision rate: 0.00, nav time: 16.00, total reward: 0.1902
2021-09-11 02:04:46, INFO: TRAIN in episode 100 has success rate: 1.00, collision rate: 0.00, nav time: 22.00, total reward: 0.1011
2021-09-11 02:04:50, INFO: TRAIN in episode 101 has success rate: 1.00, collision rate: 0.00, nav time: 22.50, total reward: 0.0959
2021-09-11 02:04:55, INFO: TRAIN in episode 102 has success rate: 0.00, collision rate: 0.00, nav time: 25.00, total reward: -0.0146
2021-09-11 02:05:00, INFO: TRAIN in episode 103 has success rate: 0.00, collision rate: 0.00, nav time: 25.00, total reward: 0.0000
2021-09-11 02:05:04, INFO: TRAIN in episode 104 has success rate: 1.00, collision rate: 0.00, nav time: 24.00, total reward: 0.0819
2021-09-11 02:05:09, INFO: TRAIN in episode 105 has success rate: 0.00, collision rate: 0.00, nav time: 25.00, total reward: 0.0000
2021-09-11 02:05:13, INFO: TRAIN in episode 106 has success rate: 1.00, collision rate: 0.00, nav time: 19.00, total reward: 0.1387
2021-09-11 02:05:18, INFO: TRAIN in episode 107 has success rate: 1.00, collision rate: 0.00, nav time: 23.00, total reward: 0.0910
2021-09-11 02:05:24, INFO: TRAIN in episode 108 has success rate: 0.00, collision rate: 0.00, nav time: 25.00, total reward: -0.0649
2021-09-11 02:05:30, INFO: TRAIN in episode 109 has success rate: 0.00, collision rate: 0.00, nav time: 25.00, total reward: 0.0000
2021-09-11 02:05:32, INFO: TRAIN in episode 110 has success rate: 0.00, collision rate: 1.00, nav time: 25.00, total reward: -0.1352
2021-09-11 02:05:37, INFO: TRAIN in episode 111 has success rate: 1.00, collision rate: 0.00, nav time: 23.50, total reward: 0.0863
2021-09-11 02:05:42, INFO: TRAIN in episode 112 has success rate: 0.00, collision rate: 0.00, nav time: 25.00, total reward: -0.0442
2021-09-11 02:05:46, INFO: TRAIN in episode 113 has success rate: 1.00, collision rate: 0.00, nav time: 16.75, total reward: 0.1758
2021-09-11 02:05:47, INFO: TRAIN in episode 114 has success rate: 0.00, collision rate: 1.00, nav time: 25.00, total reward: -0.1476
2021-09-11 02:05:49, INFO: TRAIN in episode 115 has success rate: 0.00, collision rate: 1.00, nav time: 25.00, total reward: -0.1377
2021-09-11 02:05:55, INFO: TRAIN in episode 116 has success rate: 0.00, collision rate: 0.00, nav time: 25.00, total reward: 0.0000
2021-09-11 02:05:59, INFO: TRAIN in episode 117 has success rate: 1.00, collision rate: 0.00, nav time: 19.50, total reward: 0.1316
2021-09-11 02:06:02, INFO: TRAIN in episode 118 has success rate: 0.00, collision rate: 1.00, nav time: 25.00, total reward: -0.1398
2021-09-11 02:06:05, INFO: TRAIN in episode 119 has success rate: 1.00, collision rate: 0.00, nav time: 20.50, total reward: 0.1141
2021-09-11 02:06:10, INFO: TRAIN in episode 120 has success rate: 1.00, collision rate: 0.00, nav time: 23.50, total reward: 0.0863
2021-09-11 02:06:16, INFO: TRAIN in episode 121 has success rate: 1.00, collision rate: 0.00, nav time: 23.75, total reward: 0.0841
2021-09-11 02:06:21, INFO: TRAIN in episode 122 has success rate: 0.00, collision rate: 0.00, nav time: 25.00, total reward: 0.0000
2021-09-11 02:06:26, INFO: TRAIN in episode 123 has success rate: 0.00, collision rate: 0.00, nav time: 25.00, total reward: -0.0012
2021-09-11 02:06:29, INFO: TRAIN in episode 124 has success rate: 0.00, collision rate: 1.00, nav time: 25.00, total reward: -0.1519
2021-09-11 02:06:34, INFO: TRAIN in episode 125 has success rate: 0.00, collision rate: 0.00, nav time: 25.00, total reward: -0.0360
2021-09-11 02:06:40, INFO: TRAIN in episode 126 has success rate: 0.00, collision rate: 0.00, nav time: 25.00, total reward: 0.0000
2021-09-11 02:06:42, INFO: TRAIN in episode 127 has success rate: 0.00, collision rate: 1.00, nav time: 25.00, total reward: -0.1434
2021-09-11 02:06:47, INFO: TRAIN in episode 128 has success rate: 1.00, collision rate: 0.00, nav time: 23.25, total reward: 0.0884
2021-09-11 02:06:51, INFO: TRAIN in episode 129 has success rate: 1.00, collision rate: 0.00, nav time: 22.50, total reward: 0.0959
2021-09-11 02:06:55, INFO: TRAIN in episode 130 has success rate: 0.00, collision rate: 0.00, nav time: 25.00, total reward: 0.0000
2021-09-11 02:06:57, INFO: TRAIN in episode 131 has success rate: 0.00, collision rate: 1.00, nav time: 25.00, total reward: -0.1424
2021-09-11 02:07:02, INFO: TRAIN in episode 132 has success rate: 1.00, collision rate: 0.00, nav time: 24.00, total reward: 0.0661
2021-09-11 02:07:07, INFO: TRAIN in episode 133 has success rate: 0.00, collision rate: 0.00, nav time: 25.00, total reward: 0.0000
2021-09-11 02:07:11, INFO: TRAIN in episode 134 has success rate: 1.00, collision rate: 0.00, nav time: 23.75, total reward: 0.0841
2021-09-11 02:07:16, INFO: TRAIN in episode 135 has success rate: 0.00, collision rate: 0.00, nav time: 25.00, total reward: 0.0000
2021-09-11 02:07:18, INFO: TRAIN in episode 136 has success rate: 0.00, collision rate: 1.00, nav time: 25.00, total reward: -0.1356
2021-09-11 02:07:22, INFO: TRAIN in episode 137 has success rate: 1.00, collision rate: 0.00, nav time: 20.75, total reward: 0.1150
2021-09-11 02:07:26, INFO: TRAIN in episode 138 has success rate: 1.00, collision rate: 0.00, nav time: 19.00, total reward: 0.1387
2021-09-11 02:07:31, INFO: TRAIN in episode 139 has success rate: 1.00, collision rate: 0.00, nav time: 19.00, total reward: 0.1387
2021-09-11 02:07:33, INFO: TRAIN in episode 140 has success rate: 0.00, collision rate: 1.00, nav time: 25.00, total reward: -0.1590
2021-09-11 02:07:39, INFO: TRAIN in episode 141 has success rate: 1.00, collision rate: 0.00, nav time: 21.75, total reward: 0.1038
2021-09-11 02:07:44, INFO: TRAIN in episode 142 has success rate: 1.00, collision rate: 0.00, nav time: 23.50, total reward: 0.0857
2021-09-11 02:07:48, INFO: TRAIN in episode 143 has success rate: 1.00, collision rate: 0.00, nav time: 21.50, total reward: 0.1066
2021-09-11 02:07:51, INFO: TRAIN in episode 144 has success rate: 0.00, collision rate: 1.00, nav time: 25.00, total reward: -0.1423
2021-09-11 02:07:56, INFO: TRAIN in episode 145 has success rate: 0.00, collision rate: 0.00, nav time: 25.00, total reward: 0.0000
2021-09-11 02:07:59, INFO: TRAIN in episode 146 has success rate: 0.00, collision rate: 0.00, nav time: 25.00, total reward: 0.0000
2021-09-11 02:08:05, INFO: TRAIN in episode 147 has success rate: 0.00, collision rate: 0.00, nav time: 25.00, total reward: -0.0737
2021-09-11 02:08:07, INFO: TRAIN in episode 148 has success rate: 0.00, collision rate: 1.00, nav time: 25.00, total reward: -0.1366
2021-09-11 02:08:12, INFO: TRAIN in episode 149 has success rate: 1.00, collision rate: 0.00, nav time: 23.75, total reward: 0.0841
2021-09-11 02:08:16, INFO: TRAIN in episode 150 has success rate: 0.00, collision rate: 0.00, nav time: 25.00, total reward: 0.0000
2021-09-11 02:08:21, INFO: TRAIN in episode 151 has success rate: 0.00, collision rate: 0.00, nav time: 25.00, total reward: -0.0652
2021-09-11 02:08:26, INFO: TRAIN in episode 152 has success rate: 1.00, collision rate: 0.00, nav time: 21.00, total reward: 0.1123
2021-09-11 02:08:31, INFO: TRAIN in episode 153 has success rate: 0.00, collision rate: 0.00, nav time: 25.00, total reward: 0.0000
2021-09-11 02:08:36, INFO: TRAIN in episode 154 has success rate: 0.00, collision rate: 0.00, nav time: 25.00, total reward: 0.0000
2021-09-11 02:08:42, INFO: TRAIN in episode 155 has success rate: 0.00, collision rate: 0.00, nav time: 25.00, total reward: 0.0000
2021-09-11 02:08:46, INFO: TRAIN in episode 156 has success rate: 0.00, collision rate: 0.00, nav time: 25.00, total reward: 0.0000
2021-09-11 02:08:51, INFO: TRAIN in episode 157 has success rate: 0.00, collision rate: 0.00, nav time: 25.00, total reward: 0.0000
2021-09-11 02:08:56, INFO: TRAIN in episode 158 has success rate: 1.00, collision rate: 0.00, nav time: 21.50, total reward: 0.1066
2021-09-11 02:08:59, INFO: TRAIN in episode 159 has success rate: 1.00, collision rate: 0.00, nav time: 17.25, total reward: 0.1668
2021-09-11 02:09:04, INFO: TRAIN in episode 160 has success rate: 1.00, collision rate: 0.00, nav time: 18.25, total reward: 0.1236
2021-09-11 02:09:06, INFO: TRAIN in episode 161 has success rate: 0.00, collision rate: 1.00, nav time: 25.00, total reward: -0.1280
2021-09-11 02:09:10, INFO: TRAIN in episode 162 has success rate: 1.00, collision rate: 0.00, nav time: 22.00, total reward: 0.1011
2021-09-11 02:09:15, INFO: TRAIN in episode 163 has success rate: 1.00, collision rate: 0.00, nav time: 17.75, total reward: 0.1582
2021-09-11 02:09:19, INFO: TRAIN in episode 164 has success rate: 0.00, collision rate: 0.00, nav time: 25.00, total reward: 0.0000
2021-09-11 02:09:24, INFO: TRAIN in episode 165 has success rate: 0.00, collision rate: 0.00, nav time: 25.00, total reward: 0.0000
2021-09-11 02:09:28, INFO: TRAIN in episode 166 has success rate: 0.00, collision rate: 0.00, nav time: 25.00, total reward: 0.0000
2021-09-11 02:09:30, INFO: TRAIN in episode 167 has success rate: 0.00, collision rate: 1.00, nav time: 25.00, total reward: -0.1907
2021-09-11 02:09:35, INFO: TRAIN in episode 168 has success rate: 0.00, collision rate: 0.00, nav time: 25.00, total reward: 0.0000
2021-09-11 02:09:41, INFO: TRAIN in episode 169 has success rate: 0.00, collision rate: 0.00, nav time: 25.00, total reward: 0.0000
2021-09-11 02:09:45, INFO: TRAIN in episode 170 has success rate: 1.00, collision rate: 0.00, nav time: 20.00, total reward: 0.1248
2021-09-11 02:09:46, INFO: TRAIN in episode 171 has success rate: 0.00, collision rate: 1.00, nav time: 25.00, total reward: -0.1452
2021-09-11 02:09:50, INFO: TRAIN in episode 172 has success rate: 1.00, collision rate: 0.00, nav time: 19.25, total reward: 0.1351
2021-09-11 02:09:55, INFO: TRAIN in episode 173 has success rate: 0.00, collision rate: 0.00, nav time: 25.00, total reward: -0.0364
2021-09-11 02:10:00, INFO: TRAIN in episode 174 has success rate: 1.00, collision rate: 0.00, nav time: 22.00, total reward: 0.1011
2021-09-11 02:10:05, INFO: TRAIN in episode 175 has success rate: 0.00, collision rate: 0.00, nav time: 25.00, total reward: 0.0000
2021-09-11 02:10:09, INFO: TRAIN in episode 176 has success rate: 0.00, collision rate: 0.00, nav time: 25.00, total reward: -0.0269
2021-09-11 02:10:13, INFO: TRAIN in episode 177 has success rate: 0.00, collision rate: 0.00, nav time: 25.00, total reward: 0.0000
2021-09-11 02:10:15, INFO: TRAIN in episode 178 has success rate: 0.00, collision rate: 1.00, nav time: 25.00, total reward: -0.2013
2021-09-11 02:10:17, INFO: TRAIN in episode 179 has success rate: 0.00, collision rate: 1.00, nav time: 25.00, total reward: -0.1635
2021-09-11 02:10:22, INFO: TRAIN in episode 180 has success rate: 1.00, collision rate: 0.00, nav time: 21.75, total reward: 0.1038
2021-09-11 02:10:27, INFO: TRAIN in episode 181 has success rate: 0.00, collision rate: 0.00, nav time: 25.00, total reward: 0.0000
2021-09-11 02:10:32, INFO: TRAIN in episode 182 has success rate: 0.00, collision rate: 0.00, nav time: 25.00, total reward: 0.0000
2021-09-11 02:10:36, INFO: TRAIN in episode 183 has success rate: 0.00, collision rate: 0.00, nav time: 25.00, total reward: 0.0000
2021-09-11 02:10:41, INFO: TRAIN in episode 184 has success rate: 1.00, collision rate: 0.00, nav time: 23.25, total reward: 0.0886
2021-09-11 02:10:45, INFO: TRAIN in episode 185 has success rate: 1.00, collision rate: 0.00, nav time: 15.75, total reward: 0.1601
2021-09-11 02:10:49, INFO: TRAIN in episode 186 has success rate: 1.00, collision rate: 0.00, nav time: 21.25, total reward: 0.0358
2021-09-11 02:10:54, INFO: TRAIN in episode 187 has success rate: 1.00, collision rate: 0.00, nav time: 22.50, total reward: 0.0959
2021-09-11 02:11:00, INFO: TRAIN in episode 188 has success rate: 1.00, collision rate: 0.00, nav time: 22.75, total reward: 0.0934
2021-09-11 02:11:04, INFO: TRAIN in episode 189 has success rate: 0.00, collision rate: 0.00, nav time: 25.00, total reward: 0.0000
2021-09-11 02:11:09, INFO: TRAIN in episode 190 has success rate: 0.00, collision rate: 0.00, nav time: 25.00, total reward: 0.0000
2021-09-11 02:11:14, INFO: TRAIN in episode 191 has success rate: 0.00, collision rate: 0.00, nav time: 25.00, total reward: 0.0000
2021-09-11 02:11:19, INFO: TRAIN in episode 192 has success rate: 0.00, collision rate: 0.00, nav time: 25.00, total reward: 0.0000
2021-09-11 02:11:23, INFO: TRAIN in episode 193 has success rate: 1.00, collision rate: 0.00, nav time: 20.50, total reward: 0.1184
2021-09-11 02:11:28, INFO: TRAIN in episode 194 has success rate: 0.00, collision rate: 0.00, nav time: 25.00, total reward: 0.0000
2021-09-11 02:11:33, INFO: TRAIN in episode 195 has success rate: 0.00, collision rate: 0.00, nav time: 25.00, total reward: -0.0058
2021-09-11 02:11:38, INFO: TRAIN in episode 196 has success rate: 0.00, collision rate: 0.00, nav time: 25.00, total reward: -0.0240
2021-09-11 02:11:43, INFO: TRAIN in episode 197 has success rate: 1.00, collision rate: 0.00, nav time: 21.00, total reward: 0.1123
2021-09-11 02:11:48, INFO: TRAIN in episode 198 has success rate: 0.00, collision rate: 0.00, nav time: 25.00, total reward: 0.0000
2021-09-11 02:11:53, INFO: TRAIN in episode 199 has success rate: 0.00, collision rate: 0.00, nav time: 25.00, total reward: 0.0000
2021-09-11 02:11:57, INFO: TRAIN in episode 200 has success rate: 1.00, collision rate: 0.00, nav time: 21.50, total reward: 0.1066
2021-09-11 02:12:02, INFO: TRAIN in episode 201 has success rate: 0.00, collision rate: 0.00, nav time: 25.00, total reward: 0.0000
2021-09-11 02:12:07, INFO: TRAIN in episode 202 has success rate: 0.00, collision rate: 0.00, nav time: 25.00, total reward: -0.0335
2021-09-11 02:12:09, INFO: TRAIN in episode 203 has success rate: 0.00, collision rate: 1.00, nav time: 25.00, total reward: -0.1565
2021-09-11 02:12:14, INFO: TRAIN in episode 204 has success rate: 0.00, collision rate: 0.00, nav time: 25.00, total reward: 0.0000
2021-09-11 02:12:16, INFO: TRAIN in episode 205 has success rate: 0.00, collision rate: 1.00, nav time: 25.00, total reward: -0.1511
2021-09-11 02:12:21, INFO: TRAIN in episode 206 has success rate: 0.00, collision rate: 0.00, nav time: 25.00, total reward: -0.0529
2021-09-11 02:12:23, INFO: TRAIN in episode 207 has success rate: 0.00, collision rate: 1.00, nav time: 25.00, total reward: -0.1243
2021-09-11 02:12:24, INFO: TRAIN in episode 208 has success rate: 0.00, collision rate: 1.00, nav time: 25.00, total reward: -0.2399
2021-09-11 02:12:31, INFO: TRAIN in episode 209 has success rate: 0.00, collision rate: 0.00, nav time: 25.00, total reward: 0.0000
2021-09-11 02:12:35, INFO: TRAIN in episode 210 has success rate: 1.00, collision rate: 0.00, nav time: 22.00, total reward: 0.1011
2021-09-11 02:12:40, INFO: TRAIN in episode 211 has success rate: 1.00, collision rate: 0.00, nav time: 22.50, total reward: 0.0959
2021-09-11 02:12:45, INFO: TRAIN in episode 212 has success rate: 1.00, collision rate: 0.00, nav time: 22.75, total reward: 0.0934
2021-09-11 02:12:50, INFO: TRAIN in episode 213 has success rate: 0.00, collision rate: 0.00, nav time: 25.00, total reward: -0.0117
2021-09-11 02:12:55, INFO: TRAIN in episode 214 has success rate: 1.00, collision rate: 0.00, nav time: 23.00, total reward: 0.0642
2021-09-11 02:12:59, INFO: TRAIN in episode 215 has success rate: 0.00, collision rate: 0.00, nav time: 25.00, total reward: 0.0000
2021-09-11 02:13:04, INFO: TRAIN in episode 216 has success rate: 1.00, collision rate: 0.00, nav time: 19.75, total reward: 0.1274
2021-09-11 02:13:08, INFO: TRAIN in episode 217 has success rate: 1.00, collision rate: 0.00, nav time: 18.00, total reward: 0.1541
2021-09-11 02:13:14, INFO: TRAIN in episode 218 has success rate: 0.00, collision rate: 0.00, nav time: 25.00, total reward: 0.0000
2021-09-11 02:13:18, INFO: TRAIN in episode 219 has success rate: 0.00, collision rate: 0.00, nav time: 25.00, total reward: -0.0151
2021-09-11 02:13:23, INFO: TRAIN in episode 220 has success rate: 0.00, collision rate: 0.00, nav time: 25.00, total reward: -0.0053
2021-09-11 02:13:25, INFO: TRAIN in episode 221 has success rate: 0.00, collision rate: 1.00, nav time: 25.00, total reward: -0.1317
2021-09-11 02:13:28, INFO: TRAIN in episode 222 has success rate: 0.00, collision rate: 1.00, nav time: 25.00, total reward: -0.1700
2021-09-11 02:13:32, INFO: TRAIN in episode 223 has success rate: 1.00, collision rate: 0.00, nav time: 20.00, total reward: 0.1248
2021-09-11 02:13:37, INFO: TRAIN in episode 224 has success rate: 1.00, collision rate: 0.00, nav time: 23.00, total reward: 0.0910
2021-09-11 02:13:42, INFO: TRAIN in episode 225 has success rate: 0.00, collision rate: 0.00, nav time: 25.00, total reward: 0.0000
2021-09-11 02:13:46, INFO: TRAIN in episode 226 has success rate: 0.00, collision rate: 0.00, nav time: 25.00, total reward: 0.0000
2021-09-11 02:13:51, INFO: TRAIN in episode 227 has success rate: 0.00, collision rate: 0.00, nav time: 25.00, total reward: -0.0578
2021-09-11 02:13:53, INFO: TRAIN in episode 228 has success rate: 0.00, collision rate: 1.00, nav time: 25.00, total reward: -0.1477
2021-09-11 02:13:59, INFO: TRAIN in episode 229 has success rate: 1.00, collision rate: 0.00, nav time: 22.00, total reward: 0.1011
2021-09-11 02:14:04, INFO: TRAIN in episode 230 has success rate: 1.00, collision rate: 0.00, nav time: 22.00, total reward: 0.0775
2021-09-11 02:14:06, INFO: TRAIN in episode 231 has success rate: 0.00, collision rate: 1.00, nav time: 25.00, total reward: -0.1384
2021-09-11 02:14:10, INFO: TRAIN in episode 232 has success rate: 1.00, collision rate: 0.00, nav time: 22.50, total reward: 0.0846
2021-09-11 02:14:16, INFO: TRAIN in episode 233 has success rate: 0.00, collision rate: 0.00, nav time: 25.00, total reward: 0.0000
2021-09-11 02:14:18, INFO: TRAIN in episode 234 has success rate: 0.00, collision rate: 1.00, nav time: 25.00, total reward: -0.1332
2021-09-11 02:14:23, INFO: TRAIN in episode 235 has success rate: 1.00, collision rate: 0.00, nav time: 21.50, total reward: 0.1066
2021-09-11 02:14:28, INFO: TRAIN in episode 236 has success rate: 1.00, collision rate: 0.00, nav time: 18.25, total reward: 0.1501
2021-09-11 02:14:32, INFO: TRAIN in episode 237 has success rate: 1.00, collision rate: 0.00, nav time: 21.75, total reward: 0.1038
2021-09-11 02:14:34, INFO: TRAIN in episode 238 has success rate: 0.00, collision rate: 1.00, nav time: 25.00, total reward: -0.1644
2021-09-11 02:14:39, INFO: TRAIN in episode 239 has success rate: 0.00, collision rate: 0.00, nav time: 25.00, total reward: -0.0462
2021-09-11 02:14:44, INFO: TRAIN in episode 240 has success rate: 1.00, collision rate: 0.00, nav time: 22.75, total reward: 0.0933
2021-09-11 02:14:48, INFO: TRAIN in episode 241 has success rate: 0.00, collision rate: 0.00, nav time: 25.00, total reward: 0.0000
2021-09-11 02:14:53, INFO: TRAIN in episode 242 has success rate: 1.00, collision rate: 0.00, nav time: 21.25, total reward: 0.0883
2021-09-11 02:14:58, INFO: TRAIN in episode 243 has success rate: 1.00, collision rate: 0.00, nav time: 23.50, total reward: 0.0863
2021-09-11 02:15:02, INFO: TRAIN in episode 244 has success rate: 1.00, collision rate: 0.00, nav time: 21.75, total reward: 0.1038
2021-09-11 02:15:08, INFO: TRAIN in episode 245 has success rate: 0.00, collision rate: 0.00, nav time: 25.00, total reward: 0.0000
2021-09-11 02:15:12, INFO: TRAIN in episode 246 has success rate: 1.00, collision rate: 0.00, nav time: 18.75, total reward: 0.1376
2021-09-11 02:15:16, INFO: TRAIN in episode 247 has success rate: 1.00, collision rate: 0.00, nav time: 22.75, total reward: 0.0934
2021-09-11 02:15:18, INFO: TRAIN in episode 248 has success rate: 0.00, collision rate: 1.00, nav time: 25.00, total reward: -0.1713
2021-09-11 02:15:22, INFO: TRAIN in episode 249 has success rate: 0.00, collision rate: 0.00, nav time: 25.00, total reward: 0.0000
2021-09-11 02:15:26, INFO: TRAIN in episode 250 has success rate: 1.00, collision rate: 0.00, nav time: 21.25, total reward: 0.1094
2021-09-11 02:15:29, INFO: TRAIN in episode 251 has success rate: 0.00, collision rate: 1.00, nav time: 25.00, total reward: -0.1407
2021-09-11 02:15:34, INFO: TRAIN in episode 252 has success rate: 0.00, collision rate: 0.00, nav time: 25.00, total reward: -0.0634
2021-09-11 02:15:38, INFO: TRAIN in episode 253 has success rate: 0.00, collision rate: 0.00, nav time: 25.00, total reward: 0.0000
2021-09-11 02:15:43, INFO: TRAIN in episode 254 has success rate: 1.00, collision rate: 0.00, nav time: 22.50, total reward: 0.0959
2021-09-11 02:15:48, INFO: TRAIN in episode 255 has success rate: 0.00, collision rate: 0.00, nav time: 25.00, total reward: -0.0247
2021-09-11 02:15:53, INFO: TRAIN in episode 256 has success rate: 0.00, collision rate: 0.00, nav time: 25.00, total reward: -0.0336
2021-09-11 02:15:57, INFO: TRAIN in episode 257 has success rate: 1.00, collision rate: 0.00, nav time: 20.75, total reward: 0.1135
2021-09-11 02:16:01, INFO: TRAIN in episode 258 has success rate: 1.00, collision rate: 0.00, nav time: 16.00, total reward: 0.1902
2021-09-11 02:16:05, INFO: TRAIN in episode 259 has success rate: 0.00, collision rate: 0.00, nav time: 25.00, total reward: -0.0320
2021-09-11 02:16:06, INFO: TRAIN in episode 260 has success rate: 0.00, collision rate: 1.00, nav time: 25.00, total reward: -0.1442
2021-09-11 02:16:11, INFO: TRAIN in episode 261 has success rate: 1.00, collision rate: 0.00, nav time: 21.75, total reward: 0.1038
2021-09-11 02:16:15, INFO: TRAIN in episode 262 has success rate: 0.00, collision rate: 0.00, nav time: 25.00, total reward: -0.0122
2021-09-11 02:16:20, INFO: TRAIN in episode 263 has success rate: 1.00, collision rate: 0.00, nav time: 15.75, total reward: 0.1953
2021-09-11 02:16:25, INFO: TRAIN in episode 264 has success rate: 1.00, collision rate: 0.00, nav time: 23.75, total reward: 0.0841
2021-09-11 02:16:30, INFO: TRAIN in episode 265 has success rate: 0.00, collision rate: 0.00, nav time: 25.00, total reward: 0.0000
2021-09-11 02:16:32, INFO: TRAIN in episode 266 has success rate: 0.00, collision rate: 1.00, nav time: 25.00, total reward: -0.1335
2021-09-11 02:16:36, INFO: TRAIN in episode 267 has success rate: 1.00, collision rate: 0.00, nav time: 18.00, total reward: 0.1541
2021-09-11 02:16:41, INFO: TRAIN in episode 268 has success rate: 1.00, collision rate: 0.00, nav time: 21.00, total reward: 0.0987
2021-09-11 02:16:45, INFO: TRAIN in episode 269 has success rate: 0.00, collision rate: 0.00, nav time: 25.00, total reward: 0.0000
2021-09-11 02:16:51, INFO: TRAIN in episode 270 has success rate: 0.00, collision rate: 0.00, nav time: 25.00, total reward: 0.0000
2021-09-11 02:16:55, INFO: TRAIN in episode 271 has success rate: 0.00, collision rate: 0.00, nav time: 25.00, total reward: 0.0000
2021-09-11 02:17:00, INFO: TRAIN in episode 272 has success rate: 1.00, collision rate: 0.00, nav time: 19.00, total reward: 0.1387
2021-09-11 02:17:04, INFO: TRAIN in episode 273 has success rate: 0.00, collision rate: 0.00, nav time: 25.00, total reward: -0.0380
2021-09-11 02:17:09, INFO: TRAIN in episode 274 has success rate: 1.00, collision rate: 0.00, nav time: 22.25, total reward: 0.0985
2021-09-11 02:17:13, INFO: TRAIN in episode 275 has success rate: 1.00, collision rate: 0.00, nav time: 22.25, total reward: 0.0961
2021-09-11 02:17:18, INFO: TRAIN in episode 276 has success rate: 1.00, collision rate: 0.00, nav time: 20.75, total reward: 0.1107
2021-09-11 02:17:24, INFO: TRAIN in episode 277 has success rate: 1.00, collision rate: 0.00, nav time: 23.75, total reward: 0.0836
2021-09-11 02:17:29, INFO: TRAIN in episode 278 has success rate: 1.00, collision rate: 0.00, nav time: 22.00, total reward: 0.1011
2021-09-11 02:17:33, INFO: TRAIN in episode 279 has success rate: 1.00, collision rate: 0.00, nav time: 20.75, total reward: 0.0925
2021-09-11 02:17:35, INFO: TRAIN in episode 280 has success rate: 0.00, collision rate: 1.00, nav time: 25.00, total reward: -0.1775
2021-09-11 02:17:40, INFO: TRAIN in episode 281 has success rate: 1.00, collision rate: 0.00, nav time: 21.25, total reward: 0.1032
2021-09-11 02:17:44, INFO: TRAIN in episode 282 has success rate: 0.00, collision rate: 0.00, nav time: 25.00, total reward: 0.0000
2021-09-11 02:17:48, INFO: TRAIN in episode 283 has success rate: 0.00, collision rate: 0.00, nav time: 25.00, total reward: 0.0000
2021-09-11 02:17:53, INFO: TRAIN in episode 284 has success rate: 0.00, collision rate: 0.00, nav time: 25.00, total reward: 0.0000
2021-09-11 02:17:58, INFO: TRAIN in episode 285 has success rate: 0.00, collision rate: 0.00, nav time: 25.00, total reward: 0.0000
2021-09-11 02:18:04, INFO: TRAIN in episode 286 has success rate: 0.00, collision rate: 0.00, nav time: 25.00, total reward: -0.0130
2021-09-11 02:18:08, INFO: TRAIN in episode 287 has success rate: 1.00, collision rate: 0.00, nav time: 18.25, total reward: 0.1501
2021-09-11 02:18:11, INFO: TRAIN in episode 288 has success rate: 0.00, collision rate: 1.00, nav time: 25.00, total reward: -0.2028
2021-09-11 02:18:16, INFO: TRAIN in episode 289 has success rate: 1.00, collision rate: 0.00, nav time: 20.00, total reward: 0.1248
2021-09-11 02:18:21, INFO: TRAIN in episode 290 has success rate: 0.00, collision rate: 0.00, nav time: 25.00, total reward: -0.0456
2021-09-11 02:18:25, INFO: TRAIN in episode 291 has success rate: 1.00, collision rate: 0.00, nav time: 18.00, total reward: 0.1541
2021-09-11 02:18:27, INFO: TRAIN in episode 292 has success rate: 0.00, collision rate: 1.00, nav time: 25.00, total reward: -0.1795
2021-09-11 02:18:32, INFO: TRAIN in episode 293 has success rate: 0.00, collision rate: 0.00, nav time: 25.00, total reward: -0.0325
2021-09-11 02:18:37, INFO: TRAIN in episode 294 has success rate: 0.00, collision rate: 0.00, nav time: 25.00, total reward: 0.0000
2021-09-11 02:18:42, INFO: TRAIN in episode 295 has success rate: 0.00, collision rate: 0.00, nav time: 25.00, total reward: 0.0000
2021-09-11 02:18:48, INFO: TRAIN in episode 296 has success rate: 0.00, collision rate: 0.00, nav time: 25.00, total reward: 0.0000
2021-09-11 02:18:53, INFO: TRAIN in episode 297 has success rate: 0.00, collision rate: 0.00, nav time: 25.00, total reward: 0.0000
2021-09-11 02:18:55, INFO: TRAIN in episode 298 has success rate: 0.00, collision rate: 1.00, nav time: 25.00, total reward: -0.1331
2021-09-11 02:18:59, INFO: TRAIN in episode 299 has success rate: 1.00, collision rate: 0.00, nav time: 21.00, total reward: 0.1123
2021-09-11 02:19:04, INFO: TRAIN in episode 300 has success rate: 0.00, collision rate: 0.00, nav time: 25.00, total reward: -0.0073
2021-09-11 02:19:09, INFO: TRAIN in episode 301 has success rate: 0.00, collision rate: 0.00, nav time: 25.00, total reward: -0.0276
2021-09-11 02:19:13, INFO: TRAIN in episode 302 has success rate: 0.00, collision rate: 0.00, nav time: 25.00, total reward: -0.0015
2021-09-11 02:19:15, INFO: TRAIN in episode 303 has success rate: 0.00, collision rate: 1.00, nav time: 25.00, total reward: -0.1350
2021-09-11 02:19:20, INFO: TRAIN in episode 304 has success rate: 0.00, collision rate: 0.00, nav time: 25.00, total reward: -0.0402
2021-09-11 02:19:24, INFO: TRAIN in episode 305 has success rate: 1.00, collision rate: 0.00, nav time: 23.25, total reward: 0.0886
2021-09-11 02:19:30, INFO: TRAIN in episode 306 has success rate: 0.00, collision rate: 0.00, nav time: 25.00, total reward: 0.0000
2021-09-11 02:19:35, INFO: TRAIN in episode 307 has success rate: 0.00, collision rate: 0.00, nav time: 25.00, total reward: -0.0388
2021-09-11 02:19:40, INFO: TRAIN in episode 308 has success rate: 0.00, collision rate: 0.00, nav time: 25.00, total reward: -0.0265
2021-09-11 02:19:45, INFO: TRAIN in episode 309 has success rate: 0.00, collision rate: 0.00, nav time: 25.00, total reward: -0.0377
2021-09-11 02:19:50, INFO: TRAIN in episode 310 has success rate: 0.00, collision rate: 0.00, nav time: 25.00, total reward: -0.0345
2021-09-11 02:19:55, INFO: TRAIN in episode 311 has success rate: 0.00, collision rate: 0.00, nav time: 25.00, total reward: 0.0000
2021-09-11 02:19:59, INFO: TRAIN in episode 312 has success rate: 0.00, collision rate: 0.00, nav time: 25.00, total reward: -0.0368
2021-09-11 02:20:04, INFO: TRAIN in episode 313 has success rate: 0.00, collision rate: 0.00, nav time: 25.00, total reward: 0.0000
2021-09-11 02:20:09, INFO: TRAIN in episode 314 has success rate: 0.00, collision rate: 0.00, nav time: 25.00, total reward: -0.0442
2021-09-11 02:20:11, INFO: TRAIN in episode 315 has success rate: 0.00, collision rate: 1.00, nav time: 25.00, total reward: -0.1446
2021-09-11 02:20:15, INFO: TRAIN in episode 316 has success rate: 0.00, collision rate: 0.00, nav time: 25.00, total reward: 0.0000
2021-09-11 02:20:20, INFO: TRAIN in episode 317 has success rate: 1.00, collision rate: 0.00, nav time: 23.00, total reward: 0.0910
2021-09-11 02:20:25, INFO: TRAIN in episode 318 has success rate: 0.00, collision rate: 0.00, nav time: 25.00, total reward: -0.0310
2021-09-11 02:20:29, INFO: TRAIN in episode 319 has success rate: 0.00, collision rate: 0.00, nav time: 25.00, total reward: -0.0120
2021-09-11 02:20:34, INFO: TRAIN in episode 320 has success rate: 0.00, collision rate: 0.00, nav time: 25.00, total reward: 0.0000
2021-09-11 02:20:36, INFO: TRAIN in episode 321 has success rate: 0.00, collision rate: 1.00, nav time: 25.00, total reward: -0.1331
2021-09-11 02:20:42, INFO: TRAIN in episode 322 has success rate: 0.00, collision rate: 0.00, nav time: 25.00, total reward: 0.0000
2021-09-11 02:20:46, INFO: TRAIN in episode 323 has success rate: 0.00, collision rate: 0.00, nav time: 25.00, total reward: 0.0000
2021-09-11 02:20:52, INFO: TRAIN in episode 324 has success rate: 0.00, collision rate: 0.00, nav time: 25.00, total reward: -0.0224
2021-09-11 02:20:57, INFO: TRAIN in episode 325 has success rate: 0.00, collision rate: 0.00, nav time: 25.00, total reward: 0.0000
